# JRE version: OpenJDK Runtime Environment (8.0_151-b12) (build 1.8.0_151-8u151-b12-0ubuntu0.17.10.2-b12)
# Java VM: OpenJDK 64-Bit Server VM (25.151-b12 mixed mode linux-amd64 compressed oops)
Heap:
 garbage-first heap   total 271360K, used 189676K [0x00000000c0000000, 0x00000000c0100848, 0x0000000100000000)
  region size 1024K, 38 young (38912K), 1 survivors (1024K)
 Metaspace       used 98024K, capacity 108718K, committed 108828K, reserved 1142784K
  class space    used 11692K, capacity 14831K, committed 14876K, reserved 1048576K
GC Heap History (10 events):
Event: 940,367 GC heap before
{Heap before GC invocations=29 (full 0):
 garbage-first heap   total 271360K, used 231936K [0x00000000c0000000, 0x00000000c0100848, 0x0000000100000000)
  region size 1024K, 97 young (99328K), 4 survivors (4096K)
 Metaspace       used 96615K, capacity 107304K, committed 107420K, reserved 1142784K
  class space    used 11555K, capacity 14638K, committed 14748K, reserved 1048576K
Event: 940,431 GC heap after
Heap after GC invocations=30 (full 0):
 garbage-first heap   total 271360K, used 137728K [0x00000000c0000000, 0x00000000c0100848, 0x0000000100000000)
  region size 1024K, 5 young (5120K), 5 survivors (5120K)
 Metaspace       used 96615K, capacity 107304K, committed 107420K, reserved 1142784K
  class space    used 11555K, capacity 14638K, committed 14748K, reserved 1048576K
}
Event: 981,538 GC heap before
{Heap before GC invocations=31 (full 0):
 garbage-first heap   total 271360K, used 217600K [0x00000000c0000000, 0x00000000c0100848, 0x0000000100000000)
  region size 1024K, 99 young (101376K), 5 survivors (5120K)
 Metaspace       used 97307K, capacity 107944K, committed 108316K, reserved 1142784K
  class space    used 11605K, capacity 14753K, committed 14876K, reserved 1048576K
Event: 981,579 GC heap after
Heap after GC invocations=32 (full 0):
 garbage-first heap   total 271360K, used 121344K [0x00000000c0000000, 0x00000000c0100848, 0x0000000100000000)
  region size 1024K, 5 young (5120K), 5 survivors (5120K)
 Metaspace       used 97307K, capacity 107944K, committed 108316K, reserved 1142784K
  class space    used 11605K, capacity 14753K, committed 14876K, reserved 1048576K
}
Event: 981,954 GC heap before
{Heap before GC invocations=32 (full 0):
 garbage-first heap   total 271360K, used 129536K [0x00000000c0000000, 0x00000000c0100848, 0x0000000100000000)
  region size 1024K, 13 young (13312K), 5 survivors (5120K)
 Metaspace       used 97456K, capacity 108140K, committed 108316K, reserved 1142784K
  class space    used 11630K, capacity 14767K, committed 14876K, reserved 1048576K
Event: 982,025 GC heap after
Heap after GC invocations=33 (full 0):
 garbage-first heap   total 271360K, used 99839K [0x00000000c0000000, 0x00000000c0100848, 0x0000000100000000)
  region size 1024K, 2 young (2048K), 2 survivors (2048K)
 Metaspace       used 97456K, capacity 108140K, committed 108316K, reserved 1142784K
  class space    used 11630K, capacity 14767K, committed 14876K, reserved 1048576K
}
Event: 982,498 GC heap before
{Heap before GC invocations=33 (full 0):
 garbage-first heap   total 271360K, used 111103K [0x00000000c0000000, 0x00000000c0100848, 0x0000000100000000)
  region size 1024K, 13 young (13312K), 2 survivors (2048K)
 Metaspace       used 97748K, capacity 108396K, committed 108572K, reserved 1142784K
  class space    used 11662K, capacity 14831K, committed 14876K, reserved 1048576K
Event: 982,566 GC heap after
Heap after GC invocations=34 (full 0):
 garbage-first heap   total 271360K, used 98303K [0x00000000c0000000, 0x00000000c0100848, 0x0000000100000000)
  region size 1024K, 1 young (1024K), 1 survivors (1024K)
 Metaspace       used 97748K, capacity 108396K, committed 108572K, reserved 1142784K
  class space    used 11662K, capacity 14831K, committed 14876K, reserved 1048576K
}
Event: 983,254 GC heap before
{Heap before GC invocations=34 (full 0):
 garbage-first heap   total 271360K, used 120328K [0x00000000c0000000, 0x00000000c0100848, 0x0000000100000000)
  region size 1024K, 7 young (7168K), 1 survivors (1024K)
 Metaspace       used 97898K, capacity 108460K, committed 108572K, reserved 1142784K
  class space    used 11679K, capacity 14831K, committed 14876K, reserved 1048576K
Event: 983,278 GC heap after
Heap after GC invocations=35 (full 0):
 garbage-first heap   total 271360K, used 101705K [0x00000000c0000000, 0x00000000c0100848, 0x0000000100000000)
  region size 1024K, 1 young (1024K), 1 survivors (1024K)
 Metaspace       used 97898K, capacity 108460K, committed 108572K, reserved 1142784K
  class space    used 11679K, capacity 14831K, committed 14876K, reserved 1048576K
}

